0 info it worked if it ends with ok
1 verbose cli [ '/home/ubuntu/.nvm/versions/node/v4.5.0/bin/node',
1 verbose cli   '/home/ubuntu/.nvm/versions/node/v4.5.0/bin/npm',
1 verbose cli   'publish' ]
2 info using npm@2.15.9
3 info using node@v4.5.0
4 verbose publish [ '.' ]
5 silly cache add args [ '.', null ]
6 verbose cache add spec .
7 silly cache add parsed spec Result {
7 silly cache add   raw: '.',
7 silly cache add   scope: null,
7 silly cache add   name: null,
7 silly cache add   rawSpec: '.',
7 silly cache add   spec: '/home/ubuntu/workspace/gitbook-start-iaas-ull-es-merquililycony',
7 silly cache add   type: 'directory' }
8 verbose addLocalDirectory /home/ubuntu/.npm/gitbook-start-iaas-ull-es-merquililycony/1.0.2/package.tgz not in flight; packing
9 verbose correctMkdir /home/ubuntu/.npm correctMkdir not in flight; initializing
10 verbose tar pack [ '/home/ubuntu/.npm/gitbook-start-iaas-ull-es-merquililycony/1.0.2/package.tgz',
10 verbose tar pack   '/home/ubuntu/workspace/gitbook-start-iaas-ull-es-merquililycony' ]
11 verbose tarball /home/ubuntu/.npm/gitbook-start-iaas-ull-es-merquililycony/1.0.2/package.tgz
12 verbose folder /home/ubuntu/workspace/gitbook-start-iaas-ull-es-merquililycony
13 info prepublish gitbook-start-iaas-ull-es-merquililycony@1.0.2
14 verbose addLocalTarball adding from inside cache /home/ubuntu/.npm/gitbook-start-iaas-ull-es-merquililycony/1.0.2/package.tgz
15 verbose correctMkdir /home/ubuntu/.npm correctMkdir not in flight; initializing
16 silly cache afterAdd gitbook-start-iaas-ull-es-merquililycony@1.0.2
17 verbose afterAdd /home/ubuntu/.npm/gitbook-start-iaas-ull-es-merquililycony/1.0.2/package/package.json not in flight; writing
18 verbose correctMkdir /home/ubuntu/.npm correctMkdir not in flight; initializing
19 verbose afterAdd /home/ubuntu/.npm/gitbook-start-iaas-ull-es-merquililycony/1.0.2/package/package.json written
20 silly publish { name: 'gitbook-start-iaas-ull-es-merquililycony',
20 silly publish   version: '1.0.2',
20 silly publish   description: '',
20 silly publish   main: 'gitbook-start-iaas-ull-es-merquililycony.js',
20 silly publish   scripts: { test: 'echo "Error: no test specified" && exit 1' },
20 silly publish   repository:
20 silly publish    { type: 'git',
20 silly publish      url: 'git+https://github.com/ULL-ESIT-SYTW-1617/gitbook-start-iaas-ull-es-merquililycony.git' },
20 silly publish   author: { name: 'Constanza León, Merquis Cruz, Liliana Galiano' },
20 silly publish   license: 'ISC',
20 silly publish   contributors:
20 silly publish    [ { name: 'Merquis', email: 'alu0100536690@ull.edu.es' },
20 silly publish      { name: 'Liliana', email: 'alu0100762846@ull.edu.es' },
20 silly publish      { name: 'Constanza', email: 'alu0100673647@ull.edu.es' } ],
20 silly publish   bugs: { url: 'https://github.com/ULL-ESIT-SYTW-1617/gitbook-start-iaas-ull-es-merquililycony/issues' },
20 silly publish   homepage: 'https://github.com/ULL-ESIT-SYTW-1617/gitbook-start-iaas-ull-es-merquililycony#readme',
20 silly publish   iass:
20 silly publish    { user: 'user',
20 silly publish      ip: 'ip',
20 silly publish      path: '\'~/.ssh/\'',
20 silly publish      file: '\'iaas.pub\'' },
20 silly publish   dependencies:
20 silly publish    { ejs: '^2.5.2',
20 silly publish      'fs-extra': '^0.30.0',
20 silly publish      'gh-pages': '^0.11.0',
20 silly publish      'git-config': '0.0.7',
20 silly publish      'git-url-parse': '^6.0.7',
20 silly publish      gulp: '^3.9.1',
20 silly publish      'gulp-git': '^1.11.3',
20 silly publish      'gulp-install': '^0.6.0',
20 silly publish      'gulp-run': '^1.7.1',
20 silly publish      'gulp-shell': '^0.5.2',
20 silly publish      minimist: '^1.2.0',
20 silly publish      'simple-git': '^1.54.0',
20 silly publish      'ssh-exec': '^2.0.0' },
20 silly publish   readme: '# Práctica 4: Nueva funcionalidad para el paquete npm\n## Paquete: gitbook-start-iaas-ull-es.merquililycony\n\n\n# Objetivo:\n*El objetivo de esta práctica es extender el package NodeJS publicado en npm en una práctica anterior con una nueva*\n*funcionalidad que permita que los usuarios realizar un despliegue automatico en el servidor de IAAS*\n\n##Instalación\n\n###Instalar el paquete gitbook-start\n~~~\n    $ npm install -g gitbook-start-iaas-ull-es-merquililycony\n~~~\n\n###Construir el libro con el paquete instalado\n\n~~~\n    $ gitbook-start  -d <directorio> --name <nombre_gitbook> --author <nombre del autor> --url <url del repositorio> --version\n~~~\n\n###Situarse dentro de la carpeta en donde creamos el libro e instalar dependencias\n\n~~~\n    $ cd <dir>\n    $ npm install\n\n###Instalamos el plugin con --save\n\n~~~\n    $ npm install --save gitbook-start-iaas-ull-es-merquililycony\n~~~\n\n###Ejecutar el plugin\n\n~~~\n    gitbook-start --deploy iaas-ull-es --IP <ip> --usuario <usuario> --path<ruta>\n~~~\n\n    \n## Enlaces :\n\n **Enlace al campus virtual**\n\n * [Enunciado](https://casianorodriguezleon.gitbooks.io/ull-esit-1617/content/practicas/practicaplugin.html)\n\n **Repositorio GitHuB donde se realizó la práctica**\n\n * [Organización](https://github.com/ULL-ESIT-SYTW-1617/gitbook-start-iaas-ull-es-merquililycony/)\n **Enlace a Gh-pages**\n\n * [gh-pages](https://ull-esit-sytw-1617.github.io/nueva-funcionalidad-para-el-paquete-npm-plugins-merquililycony/)\n\n * [npm](https://www.npmjs.com/package/gitbook-start-iaas-ull-es-merquililycony)\n\n **Página de los autores**\n\n * [Constanza](http://alu0100673647.github.io)\n * [Merquis](http://merquis.github.io)\n * [Liliana](https://alu0100762846.github.io)\n\n\n',
20 silly publish   readmeFilename: 'README.md',
20 silly publish   gitHead: 'cf8444aafffae8f4ab4f4c2738b743770556552a',
20 silly publish   _id: 'gitbook-start-iaas-ull-es-merquililycony@1.0.2',
20 silly publish   _shasum: '0bf1f9e6068c63bc8951c16a1c3083d0c12b5385',
20 silly publish   _from: '.' }
21 verbose getPublishConfig undefined
22 silly mapToRegistry name gitbook-start-iaas-ull-es-merquililycony
23 silly mapToRegistry using default registry
24 silly mapToRegistry registry https://registry.npmjs.org/
25 silly mapToRegistry data Result {
25 silly mapToRegistry   raw: 'gitbook-start-iaas-ull-es-merquililycony',
25 silly mapToRegistry   scope: null,
25 silly mapToRegistry   name: 'gitbook-start-iaas-ull-es-merquililycony',
25 silly mapToRegistry   rawSpec: '',
25 silly mapToRegistry   spec: 'latest',
25 silly mapToRegistry   type: 'tag' }
26 silly mapToRegistry uri https://registry.npmjs.org/gitbook-start-iaas-ull-es-merquililycony
27 verbose publish registryBase https://registry.npmjs.org/
28 silly publish uploading /home/ubuntu/.npm/gitbook-start-iaas-ull-es-merquililycony/1.0.2/package.tgz
29 verbose request uri https://registry.npmjs.org/gitbook-start-iaas-ull-es-merquililycony
30 verbose request sending authorization for write operation
31 info attempt registry request try #1 at 8:38:36 PM
32 verbose request using bearer token for auth
33 verbose request id e4e2b22c29961453
34 http request PUT https://registry.npmjs.org/gitbook-start-iaas-ull-es-merquililycony
35 http 403 https://registry.npmjs.org/gitbook-start-iaas-ull-es-merquililycony
36 verbose headers { 'content-type': 'application/json',
36 verbose headers   'cache-control': 'max-age=300',
36 verbose headers   'content-length': '95',
36 verbose headers   'accept-ranges': 'bytes',
36 verbose headers   date: 'Thu, 03 Nov 2016 20:38:37 GMT',
36 verbose headers   via: '1.1 varnish',
36 verbose headers   connection: 'keep-alive',
36 verbose headers   'x-served-by': 'cache-lhr6351-LHR',
36 verbose headers   'x-cache': 'MISS',
36 verbose headers   'x-cache-hits': '0',
36 verbose headers   'x-timer': 'S1478205516.415883,VS0,VE1391',
36 verbose headers   vary: 'Accept-Encoding' }
37 verbose request invalidating /home/ubuntu/.npm/registry.npmjs.org/gitbook-start-iaas-ull-es-merquililycony on PUT
38 error publish Failed PUT 403
39 verbose stack Error: "You cannot publish over the previously published version 1.0.2." : gitbook-start-iaas-ull-es-merquililycony
39 verbose stack     at makeError (/home/ubuntu/.nvm/versions/node/v4.5.0/lib/node_modules/npm/node_modules/npm-registry-client/lib/request.js:264:12)
39 verbose stack     at CachingRegistryClient.<anonymous> (/home/ubuntu/.nvm/versions/node/v4.5.0/lib/node_modules/npm/node_modules/npm-registry-client/lib/request.js:252:14)
39 verbose stack     at Request._callback (/home/ubuntu/.nvm/versions/node/v4.5.0/lib/node_modules/npm/node_modules/npm-registry-client/lib/request.js:172:14)
39 verbose stack     at Request.self.callback (/home/ubuntu/.nvm/versions/node/v4.5.0/lib/node_modules/npm/node_modules/request/request.js:200:22)
39 verbose stack     at emitTwo (events.js:87:13)
39 verbose stack     at Request.emit (events.js:172:7)
39 verbose stack     at Request.<anonymous> (/home/ubuntu/.nvm/versions/node/v4.5.0/lib/node_modules/npm/node_modules/request/request.js:1067:10)
39 verbose stack     at emitOne (events.js:82:20)
39 verbose stack     at Request.emit (events.js:169:7)
39 verbose stack     at IncomingMessage.<anonymous> (/home/ubuntu/.nvm/versions/node/v4.5.0/lib/node_modules/npm/node_modules/request/request.js:988:12)
40 verbose statusCode 403
41 verbose pkgid gitbook-start-iaas-ull-es-merquililycony
42 verbose cwd /home/ubuntu/workspace/gitbook-start-iaas-ull-es-merquililycony
43 error Linux 4.2.0-c9
44 error argv "/home/ubuntu/.nvm/versions/node/v4.5.0/bin/node" "/home/ubuntu/.nvm/versions/node/v4.5.0/bin/npm" "publish"
45 error node v4.5.0
46 error npm  v2.15.9
47 error code E403
48 error "You cannot publish over the previously published version 1.0.2." : gitbook-start-iaas-ull-es-merquililycony
49 error If you need help, you may report this error at:
49 error     <https://github.com/npm/npm/issues>
50 verbose exit [ 1, true ]
